<?xml version="1.0" encoding="UTF-8"?>
<!-- Generated by org.testng.reporters.JUnitReportReporter -->
<testsuite hostname="DESKTOP-1TK4TSS" failures="0" tests="1" name="org.APITesting.PracticeAPITest.CreateResourceTest" time="5.795" errors="0" timestamp="2022-11-03T23:51:10 IST" skipped="0">
  <testcase classname="org.APITesting.PracticeAPITest.CreateResourceTest" name="createResource" time="5.795"/>
  <system-out/>
</testsuite> <!-- org.APITesting.PracticeAPITest.CreateResourceTest -->
