<?xml version="1.0" encoding="UTF-8"?>
<!-- Generated by org.testng.reporters.JUnitReportReporter -->
<testsuite hostname="DESKTOP-1TK4TSS" failures="0" tests="1" name="requestChainingAndVerify.CreateResourcesAndVerifyTest2" time="7.694" errors="0" timestamp="2022-11-04T15:20:14 IST" skipped="0">
  <testcase classname="requestChainingAndVerify.CreateResourcesAndVerifyTest2" name="createResourceTest" time="7.694"/>
  <system-out/>
</testsuite> <!-- requestChainingAndVerify.CreateResourcesAndVerifyTest2 -->
