<?xml version="1.0" encoding="UTF-8"?>
<!-- Generated by org.testng.reporters.JUnitReportReporter -->
<testsuite hostname="DESKTOP-1TK4TSS" failures="0" tests="1" name="postAPITest.CreateResourcesTest" time="5.878" errors="0" timestamp="2022-11-03T23:55:04 IST" skipped="0">
  <testcase classname="postAPITest.CreateResourcesTest" name="addProjectTest" time="5.878"/>
  <system-out/>
</testsuite> <!-- postAPITest.CreateResourcesTest -->
