<?xml version="1.0" encoding="UTF-8"?>
<!-- Generated by org.testng.reporters.JUnitReportReporter -->
<testsuite hostname="DESKTOP-1TK4TSS" failures="0" tests="1" name="serializationAndDeserialization.AddProjectSerializationTest1" time="0.638" errors="0" timestamp="2022-11-03T22:58:14 IST" skipped="0">
  <testcase classname="serializationAndDeserialization.AddProjectSerializationTest1" name="addProjectTest" time="0.638"/>
  <system-out/>
</testsuite> <!-- serializationAndDeserialization.AddProjectSerializationTest1 -->
